<?xml version="1.0" encoding="UTF-8"?>
<!-- Generated by org.testng.reporters.JUnitReportReporter -->
<testsuite hostname="DESKTOP-H8NRONJ" failures="0" tests="1" name="com.busyqa.testScripts.TC_FilterProducts_001" time="8.225" errors="0" timestamp="13 Dec. 2020 16:51:56 GMT" skipped="0">
  <testcase classname="com.busyqa.testScripts.TC_FilterProducts_001" name="priceFilterTest" time="8.225"/>
</testsuite> <!-- com.busyqa.testScripts.TC_FilterProducts_001 -->
