<?xml version="1.0" encoding="UTF-8"?>
<!-- Generated by org.testng.reporters.JUnitReportReporter -->
<testsuite hostname="DESKTOP-H8NRONJ" failures="0" tests="2" name="com.busyqa.testScripts.TC_SortProducts_002" time="12.509" errors="0" timestamp="13 Dec. 2020 19:58:46 GMT" skipped="0">
  <testcase classname="com.busyqa.testScripts.TC_SortProducts_002" name="highToLow" time="7.618"/>
  <testcase classname="com.busyqa.testScripts.TC_SortProducts_002" name="lowtoHigh" time="4.891"/>
</testsuite> <!-- com.busyqa.testScripts.TC_SortProducts_002 -->
