<?xml version="1.0" encoding="UTF-8"?>
<!-- Generated by org.testng.reporters.JUnitReportReporter -->
<testsuite hostname="DESKTOP-H8NRONJ" failures="0" tests="4" name="com.busyqa.testScripts.TS_LoginPage_001" time="4.625" errors="0" timestamp="18 Dec. 2020 15:38:08 GMT" skipped="0">
  <testcase classname="com.busyqa.testScripts.TS_LoginPage_001" name="test_login_1" time="0.880"/>
  <testcase classname="com.busyqa.testScripts.TS_LoginPage_001" name="test_login_1" time="0.909"/>
  <testcase classname="com.busyqa.testScripts.TS_LoginPage_001" name="test_login_1" time="1.138"/>
  <testcase classname="com.busyqa.testScripts.TS_LoginPage_001" name="test_login_2" time="1.698"/>
</testsuite> <!-- com.busyqa.testScripts.TS_LoginPage_001 -->
