<?xml version="1.0" encoding="UTF-8"?>
<!-- Generated by org.testng.reporters.JUnitReportReporter -->
<testsuite hostname="DESKTOP-H8NRONJ" failures="0" tests="1" name="rough.rough" time="9.917" errors="0" timestamp="13 Dec. 2020 21:29:02 GMT" skipped="0">
  <testcase classname="rough.rough" name="click" time="9.917"/>
</testsuite> <!-- rough.rough -->
