<?xml version="1.0" encoding="UTF-8"?>
<!-- Generated by org.testng.reporters.JUnitReportReporter -->
<testsuite skipped="0" hostname="DESKTOP-H8NRONJ" name="com.busyqa.testScripts.TC_FilterProducts_001" tests="1" failures="0" timestamp="10 Dec 2020 19:43:29 GMT" time="12.241" errors="0">
  <testcase name="brandFilterTest" time="12.241" classname="com.busyqa.testScripts.TC_FilterProducts_001"/>
</testsuite> <!-- com.busyqa.testScripts.TC_FilterProducts_001 -->
