<?xml version="1.0" encoding="UTF-8"?>
<!-- Generated by org.testng.reporters.JUnitReportReporter -->
<testsuite hostname="DESKTOP-H8NRONJ" failures="0" tests="4" name="com.busyqa.testScripts.TS_LoginPage_001" time="4.249" errors="0" timestamp="13 Dec. 2020 05:36:34 GMT" skipped="0">
  <testcase classname="com.busyqa.testScripts.TS_LoginPage_001" name="test_login_1" time="0.762"/>
  <testcase classname="com.busyqa.testScripts.TS_LoginPage_001" name="test_login_2" time="1.424"/>
  <testcase classname="com.busyqa.testScripts.TS_LoginPage_001" name="test_login_1" time="1.053"/>
  <testcase classname="com.busyqa.testScripts.TS_LoginPage_001" name="test_login_1" time="1.010"/>
</testsuite> <!-- com.busyqa.testScripts.TS_LoginPage_001 -->
