<?xml version="1.0" encoding="UTF-8"?>
<!-- Generated by org.testng.reporters.JUnitReportReporter -->
<testsuite hostname="DESKTOP-H8NRONJ" failures="0" tests="1" name="com.busyqa.testScripts.TC_AddToCart_003" time="5.193" errors="0" timestamp="19 Dec. 2020 02:40:39 GMT" skipped="0">
  <testcase classname="com.busyqa.testScripts.TC_AddToCart_003" name="addToCart" time="5.193"/>
</testsuite> <!-- com.busyqa.testScripts.TC_AddToCart_003 -->
