<?xml version="1.0" encoding="UTF-8"?>
<!-- Generated by org.testng.reporters.JUnitReportReporter -->
<testsuite hostname="DESKTOP-H8NRONJ" failures="0" tests="4" name="com.busyqa.testScripts.TS_LoginPage_001" time="4.249" errors="0" timestamp="19 Dec. 2020 04:22:39 GMT" skipped="0">
  <testcase classname="com.busyqa.testScripts.TS_LoginPage_001" name="test_login_1" time="0.798"/>
  <testcase classname="com.busyqa.testScripts.TS_LoginPage_001" name="test_login_1" time="0.789"/>
  <testcase classname="com.busyqa.testScripts.TS_LoginPage_001" name="test_login_1" time="0.731"/>
  <testcase classname="com.busyqa.testScripts.TS_LoginPage_001" name="test_login_2" time="1.931"/>
</testsuite> <!-- com.busyqa.testScripts.TS_LoginPage_001 -->
