<?xml version="1.0" encoding="UTF-8"?>
<!-- Generated by org.testng.reporters.JUnitReportReporter -->
<testsuite hostname="DESKTOP-H8NRONJ" failures="0" tests="2" name="com.busyqa.testScripts.TC_SortProducts_002" time="13.288" errors="0" timestamp="18 Dec. 2020 20:54:59 GMT" skipped="0">
  <testcase classname="com.busyqa.testScripts.TC_SortProducts_002" name="highToLow" time="8.433"/>
  <testcase classname="com.busyqa.testScripts.TC_SortProducts_002" name="lowtoHigh" time="4.855"/>
</testsuite> <!-- com.busyqa.testScripts.TC_SortProducts_002 -->
