<?xml version="1.0" encoding="UTF-8"?>
<!-- Generated by org.testng.reporters.JUnitReportReporter -->
<testsuite skipped="0" hostname="DESKTOP-H8NRONJ" name="com.busyqa.testScripts.TS_LoginPage_001" tests="4" failures="0" timestamp="12 Dec 2020 16:33:21 GMT" time="4.797" errors="0">
  <testcase name="test_login_2" time="1.576" classname="com.busyqa.testScripts.TS_LoginPage_001"/>
  <testcase name="test_login_1" time="1.127" classname="com.busyqa.testScripts.TS_LoginPage_001"/>
  <testcase name="test_login_1" time="1.053" classname="com.busyqa.testScripts.TS_LoginPage_001"/>
  <testcase name="test_login_1" time="1.041" classname="com.busyqa.testScripts.TS_LoginPage_001"/>
</testsuite> <!-- com.busyqa.testScripts.TS_LoginPage_001 -->
