<?xml version="1.0" encoding="UTF-8"?>
<!-- Generated by org.testng.reporters.JUnitReportReporter -->
<testsuite hostname="DESKTOP-H8NRONJ" failures="0" tests="1" name="com.busyqa.testScripts.TC_FilterProducts_001" time="7.561" errors="0" timestamp="19 Dec. 2020 04:22:39 GMT" skipped="0">
  <testcase classname="com.busyqa.testScripts.TC_FilterProducts_001" name="priceFilterTest" time="7.561"/>
</testsuite> <!-- com.busyqa.testScripts.TC_FilterProducts_001 -->
