<?xml version="1.0" encoding="UTF-8"?>
<!-- Generated by org.testng.reporters.JUnitReportReporter -->
<testsuite hostname="DESKTOP-H8NRONJ" failures="0" tests="4" name="com.busyqa.testScripts.TS_LoginPage_001" time="4.295" errors="0" timestamp="19 Dec. 2020 02:40:39 GMT" skipped="0">
  <testcase classname="com.busyqa.testScripts.TS_LoginPage_001" name="test_login_1" time="0.820"/>
  <testcase classname="com.busyqa.testScripts.TS_LoginPage_001" name="test_login_2" time="1.133"/>
  <testcase classname="com.busyqa.testScripts.TS_LoginPage_001" name="test_login_1" time="1.420"/>
  <testcase classname="com.busyqa.testScripts.TS_LoginPage_001" name="test_login_1" time="0.922"/>
</testsuite> <!-- com.busyqa.testScripts.TS_LoginPage_001 -->
