<?xml version="1.0" encoding="UTF-8"?>
<!-- Generated by org.testng.reporters.JUnitReportReporter -->
<testsuite hostname="DESKTOP-H8NRONJ" failures="0" tests="2" name="com.busyqa.testScripts.TC_SortProducts_002" time="13.111" errors="0" timestamp="19 Dec. 2020 04:22:39 GMT" skipped="0">
  <testcase classname="com.busyqa.testScripts.TC_SortProducts_002" name="lowtoHigh" time="4.863"/>
  <testcase classname="com.busyqa.testScripts.TC_SortProducts_002" name="highToLow" time="8.248"/>
</testsuite> <!-- com.busyqa.testScripts.TC_SortProducts_002 -->
