<?xml version="1.0" encoding="UTF-8"?>
<!-- Generated by org.testng.reporters.JUnitReportReporter -->
<testsuite hostname="DESKTOP-H8NRONJ" failures="0" tests="2" name="com.busyqa.testScripts.TC_SortProducts_002" time="13.228" errors="0" timestamp="19 Dec. 2020 02:40:39 GMT" skipped="0">
  <testcase classname="com.busyqa.testScripts.TC_SortProducts_002" name="highToLow" time="8.367"/>
  <testcase classname="com.busyqa.testScripts.TC_SortProducts_002" name="lowtoHigh" time="4.861"/>
</testsuite> <!-- com.busyqa.testScripts.TC_SortProducts_002 -->
